09/06/2022 10:22:00 AM: INFO: ====== WebDriver manager ======
09/06/2022 10:22:01 AM: INFO: Get LATEST chromedriver version for google-chrome 104.0.5112
09/06/2022 10:22:01 AM: INFO: Driver [C:\Users\Mohit\.wdm\drivers\chromedriver\win32\104.0.5112\chromedriver.exe] found in cache
09/06/2022 10:22:03 AM: INFO: Open Browser
09/06/2022 10:22:07 AM: INFO: Close Browser
09/06/2022 10:28:24 AM: INFO: ====== WebDriver manager ======
09/06/2022 10:28:24 AM: INFO: Get LATEST chromedriver version for google-chrome 104.0.5112
09/06/2022 10:28:25 AM: INFO: Driver [C:\Users\Mohit\.wdm\drivers\chromedriver\win32\104.0.5112\chromedriver.exe] found in cache
09/06/2022 10:28:26 AM: INFO: Open Browser
09/06/2022 10:28:31 AM: INFO: Close Browser
09/06/2022 10:29:37 AM: INFO: ====== WebDriver manager ======
09/06/2022 10:29:38 AM: INFO: Get LATEST chromedriver version for google-chrome 104.0.5112
09/06/2022 10:29:38 AM: INFO: Driver [C:\Users\Mohit\.wdm\drivers\chromedriver\win32\104.0.5112\chromedriver.exe] found in cache
09/06/2022 10:29:40 AM: INFO: Open Browser
09/06/2022 10:30:08 AM: INFO: ====== WebDriver manager ======
09/06/2022 10:30:08 AM: INFO: Get LATEST chromedriver version for google-chrome 104.0.5112
09/06/2022 10:30:09 AM: INFO: Driver [C:\Users\Mohit\.wdm\drivers\chromedriver\win32\104.0.5112\chromedriver.exe] found in cache
09/06/2022 10:30:10 AM: INFO: Open Browser
09/06/2022 10:30:50 AM: INFO: ====== WebDriver manager ======
09/06/2022 10:30:50 AM: INFO: Get LATEST chromedriver version for google-chrome 104.0.5112
09/06/2022 10:30:50 AM: INFO: Driver [C:\Users\Mohit\.wdm\drivers\chromedriver\win32\104.0.5112\chromedriver.exe] found in cache
09/06/2022 10:30:52 AM: INFO: Open Browser
09/06/2022 10:30:56 AM: INFO: Close Browser
09/06/2022 10:31:18 AM: INFO: ====== WebDriver manager ======
09/06/2022 10:31:19 AM: INFO: Get LATEST chromedriver version for google-chrome 104.0.5112
09/06/2022 10:31:19 AM: INFO: Driver [C:\Users\Mohit\.wdm\drivers\chromedriver\win32\104.0.5112\chromedriver.exe] found in cache
09/06/2022 10:31:21 AM: INFO: Open Browser
09/06/2022 10:33:48 AM: INFO: ====== WebDriver manager ======
09/06/2022 10:33:48 AM: INFO: Get LATEST chromedriver version for google-chrome 104.0.5112
09/06/2022 10:33:50 AM: INFO: Driver [C:\Users\Mohit\.wdm\drivers\chromedriver\win32\104.0.5112\chromedriver.exe] found in cache
09/06/2022 10:33:52 AM: INFO: Open Browser
09/06/2022 10:34:12 AM: INFO: ====== WebDriver manager ======
09/06/2022 10:34:13 AM: INFO: Get LATEST chromedriver version for google-chrome 104.0.5112
09/06/2022 10:34:13 AM: INFO: Driver [C:\Users\Mohit\.wdm\drivers\chromedriver\win32\104.0.5112\chromedriver.exe] found in cache
09/06/2022 10:34:14 AM: INFO: Open Browser
09/06/2022 10:34:45 AM: INFO: ====== WebDriver manager ======
09/06/2022 10:34:45 AM: INFO: Get LATEST chromedriver version for google-chrome 104.0.5112
09/06/2022 10:34:45 AM: INFO: Driver [C:\Users\Mohit\.wdm\drivers\chromedriver\win32\104.0.5112\chromedriver.exe] found in cache
09/06/2022 10:34:47 AM: INFO: Open Browser
09/06/2022 10:35:10 AM: INFO: ====== WebDriver manager ======
09/06/2022 10:35:10 AM: INFO: Get LATEST chromedriver version for google-chrome 104.0.5112
09/06/2022 10:35:11 AM: INFO: Driver [C:\Users\Mohit\.wdm\drivers\chromedriver\win32\104.0.5112\chromedriver.exe] found in cache
09/06/2022 10:35:12 AM: INFO: Open Browser
09/06/2022 10:36:27 AM: INFO: ====== WebDriver manager ======
09/06/2022 10:36:27 AM: INFO: Get LATEST chromedriver version for google-chrome 104.0.5112
09/06/2022 10:36:28 AM: INFO: Driver [C:\Users\Mohit\.wdm\drivers\chromedriver\win32\104.0.5112\chromedriver.exe] found in cache
09/06/2022 10:36:29 AM: INFO: Open Browser
09/06/2022 10:36:58 AM: INFO: ====== WebDriver manager ======
09/06/2022 10:36:58 AM: INFO: Get LATEST chromedriver version for google-chrome 104.0.5112
09/06/2022 10:36:59 AM: INFO: Driver [C:\Users\Mohit\.wdm\drivers\chromedriver\win32\104.0.5112\chromedriver.exe] found in cache
09/06/2022 10:37:00 AM: INFO: Open Browser
09/06/2022 10:37:02 AM: INFO: Close Browser
09/06/2022 10:37:14 AM: INFO: ====== WebDriver manager ======
09/06/2022 10:37:14 AM: INFO: Get LATEST chromedriver version for google-chrome 104.0.5112
09/06/2022 10:37:15 AM: INFO: Driver [C:\Users\Mohit\.wdm\drivers\chromedriver\win32\104.0.5112\chromedriver.exe] found in cache
09/06/2022 10:37:16 AM: INFO: Open Browser
09/06/2022 10:37:19 AM: INFO: Close Browser
09/06/2022 12:44:39 PM: INFO: ====== WebDriver manager ======
09/06/2022 12:44:40 PM: INFO: Get LATEST chromedriver version for google-chrome 104.0.5112
09/06/2022 12:44:41 PM: INFO: Driver [C:\Users\Mohit\.wdm\drivers\chromedriver\win32\104.0.5112\chromedriver.exe] found in cache
09/06/2022 12:44:42 PM: INFO: Open Browser
09/06/2022 12:45:45 PM: INFO: ====== WebDriver manager ======
09/06/2022 12:45:46 PM: INFO: Get LATEST chromedriver version for google-chrome 104.0.5112
09/06/2022 12:45:46 PM: INFO: Driver [C:\Users\Mohit\.wdm\drivers\chromedriver\win32\104.0.5112\chromedriver.exe] found in cache
09/06/2022 12:45:48 PM: INFO: Open Browser
09/06/2022 12:46:34 PM: INFO: Close Browser
09/06/2022 12:52:16 PM: INFO: ====== WebDriver manager ======
09/06/2022 12:52:16 PM: INFO: Get LATEST chromedriver version for google-chrome 104.0.5112
09/06/2022 12:52:17 PM: INFO: Driver [C:\Users\Mohit\.wdm\drivers\chromedriver\win32\104.0.5112\chromedriver.exe] found in cache
09/06/2022 12:52:18 PM: INFO: Open Browser
09/06/2022 12:52:23 PM: INFO: Close Browser
09/06/2022 05:53:05 PM: INFO: ====== WebDriver manager ======
09/06/2022 05:53:06 PM: INFO: Get LATEST chromedriver version for google-chrome 104.0.5112
09/06/2022 05:53:07 PM: INFO: About to download new driver from https://chromedriver.storage.googleapis.com/104.0.5112.79/chromedriver_win32.zip
09/06/2022 05:53:23 PM: INFO: Driver has been saved in cache [C:\Users\rahul\.wdm\drivers\chromedriver\win32\104.0.5112]
09/06/2022 05:53:25 PM: INFO: Open Browser
09/06/2022 05:53:28 PM: INFO: Close Browser
09/06/2022 05:55:48 PM: INFO: ====== WebDriver manager ======
09/06/2022 05:55:48 PM: INFO: Get LATEST chromedriver version for google-chrome 104.0.5112
09/06/2022 05:55:49 PM: INFO: Driver [C:\Users\rahul\.wdm\drivers\chromedriver\win32\104.0.5112\chromedriver.exe] found in cache
09/06/2022 05:55:50 PM: INFO: Open Browser
09/06/2022 05:55:55 PM: INFO: Close Browser
09/06/2022 06:38:11 PM: INFO: ====== WebDriver manager ======
09/06/2022 06:38:12 PM: INFO: Get LATEST chromedriver version for google-chrome 104.0.5112
09/06/2022 06:38:13 PM: INFO: Driver [C:\Users\rahul\.wdm\drivers\chromedriver\win32\104.0.5112\chromedriver.exe] found in cache
09/06/2022 06:38:15 PM: INFO: Open Browser
09/06/2022 06:38:19 PM: INFO: Close Browser
09/06/2022 06:39:40 PM: INFO: ====== WebDriver manager ======
09/06/2022 06:39:40 PM: INFO: Get LATEST chromedriver version for google-chrome 104.0.5112
09/06/2022 06:39:41 PM: INFO: Driver [C:\Users\rahul\.wdm\drivers\chromedriver\win32\104.0.5112\chromedriver.exe] found in cache
09/06/2022 06:39:43 PM: INFO: Open Browser
09/06/2022 06:39:47 PM: INFO: Close Browser
09/06/2022 06:42:35 PM: INFO: ====== WebDriver manager ======
09/06/2022 06:42:36 PM: INFO: Get LATEST chromedriver version for google-chrome 104.0.5112
09/06/2022 06:42:37 PM: INFO: Driver [C:\Users\rahul\.wdm\drivers\chromedriver\win32\104.0.5112\chromedriver.exe] found in cache
09/06/2022 06:42:38 PM: INFO: Open Browser
09/06/2022 06:42:43 PM: INFO: Close Browser
